Detecting C [-std=c11] compiler features failed to compile with the following output:
Change Dir: /home/frieda/Codes/Day 2: Operators/cmake-build-debug/CMakeFiles/CMakeTmp

Run Build Command:"/usr/bin/make" "cmTC_e29d1/fast"
/usr/bin/make -f CMakeFiles/cmTC_e29d1.dir/build.make CMakeFiles/cmTC_e29d1.dir/build
make[1]: Entering directory '/home/frieda/Codes/Day 2: Operators/cmake-build-debug/CMakeFiles/CMakeTmp'
CMakeFiles/cmTC_e29d1.dir/build.make:64: *** target pattern contains no '%'.  Stop.
make[1]: Leaving directory '/home/frieda/Codes/Day 2: Operators/cmake-build-debug/CMakeFiles/CMakeTmp'
Makefile:126: recipe for target 'cmTC_e29d1/fast' failed
make: *** [cmTC_e29d1/fast] Error 2



Detecting CXX [-std=c++1z] compiler features failed to compile with the following output:
Change Dir: /home/frieda/Codes/Day 2: Operators/cmake-build-debug/CMakeFiles/CMakeTmp

Run Build Command:"/usr/bin/make" "cmTC_14dc9/fast"
/usr/bin/make -f CMakeFiles/cmTC_14dc9.dir/build.make CMakeFiles/cmTC_14dc9.dir/build
make[1]: Entering directory '/home/frieda/Codes/Day 2: Operators/cmake-build-debug/CMakeFiles/CMakeTmp'
CMakeFiles/cmTC_14dc9.dir/build.make:64: *** target pattern contains no '%'.  Stop.
make[1]: Leaving directory '/home/frieda/Codes/Day 2: Operators/cmake-build-debug/CMakeFiles/CMakeTmp'
Makefile:126: recipe for target 'cmTC_14dc9/fast' failed
make: *** [cmTC_14dc9/fast] Error 2



